[debug] [2024-06-10T05:33:21.923Z] ----------------------------------------------------------------------
[debug] [2024-06-10T05:33:21.930Z] Command:       C:\Program Files\nodejs\node.exe C:\Users\LENOVO\AppData\Roaming\npm\node_modules\firebase-tools\lib\bin\firebase.js init
[debug] [2024-06-10T05:33:21.931Z] CLI Version:   13.11.2
[debug] [2024-06-10T05:33:21.933Z] Platform:      win32
[debug] [2024-06-10T05:33:21.934Z] Node Version:  v20.13.1
[debug] [2024-06-10T05:33:21.935Z] Time:          Mon Jun 10 2024 00:33:21 GMT-0500 (hora estándar de Colombia)
[debug] [2024-06-10T05:33:21.935Z] ----------------------------------------------------------------------
[debug] 
[debug] [2024-06-10T05:33:21.955Z] > command requires scopes: ["email","openid","https://www.googleapis.com/auth/cloudplatformprojects.readonly","https://www.googleapis.com/auth/firebase","https://www.googleapis.com/auth/cloud-platform"]
[debug] [2024-06-10T05:33:21.957Z] > authorizing via signed-in user (marykordova523@gmail.com)
[info] 
     ######## #### ########  ######## ########     ###     ######  ########
     ##        ##  ##     ## ##       ##     ##  ##   ##  ##       ##
     ######    ##  ########  ######   ########  #########  ######  ######
     ##        ##  ##    ##  ##       ##     ## ##     ##       ## ##
     ##       #### ##     ## ######## ########  ##     ##  ######  ########

You're about to initialize a Firebase project in this directory:

  C:\Users\LENOVO\Documents\PasantiaSigoSet\sigoset_fronted

[info] 
=== Project Setup
[info] 
[info] First, let's associate this project directory with a Firebase project.
[info] You can create multiple project aliases by running firebase use --add, 
[info] but for now we'll just set up a default project.
[info] 
[debug] [2024-06-10T05:33:54.413Z] >>> [apiv2][query] GET https://firebase.googleapis.com/v1beta1/projects pageSize=100
[debug] [2024-06-10T05:33:55.262Z] <<< [apiv2][status] GET https://firebase.googleapis.com/v1beta1/projects 200
[debug] [2024-06-10T05:33:55.263Z] <<< [apiv2][body] GET https://firebase.googleapis.com/v1beta1/projects [omitted]
[info] i  Using project chatreportes-9e57a (chatReportes) 
[info] 
=== Functions Setup
[debug] [2024-06-10T05:33:58.994Z] > command requires scopes: ["email","openid","https://www.googleapis.com/auth/cloudplatformprojects.readonly","https://www.googleapis.com/auth/firebase","https://www.googleapis.com/auth/cloud-platform"]
[debug] [2024-06-10T05:33:58.995Z] > authorizing via signed-in user (marykordova523@gmail.com)
[debug] [2024-06-10T05:33:58.995Z] [iam] checking project chatreportes-9e57a for permissions ["firebase.projects.get"]
[debug] [2024-06-10T05:33:58.996Z] >>> [apiv2][query] POST https://cloudresourcemanager.googleapis.com/v1/projects/chatreportes-9e57a:testIamPermissions [none]
[debug] [2024-06-10T05:33:58.997Z] >>> [apiv2][(partial)header] POST https://cloudresourcemanager.googleapis.com/v1/projects/chatreportes-9e57a:testIamPermissions x-goog-quota-user=projects/chatreportes-9e57a
[debug] [2024-06-10T05:33:58.997Z] >>> [apiv2][body] POST https://cloudresourcemanager.googleapis.com/v1/projects/chatreportes-9e57a:testIamPermissions {"permissions":["firebase.projects.get"]}
[debug] [2024-06-10T05:34:00.337Z] <<< [apiv2][status] POST https://cloudresourcemanager.googleapis.com/v1/projects/chatreportes-9e57a:testIamPermissions 200
[debug] [2024-06-10T05:34:00.338Z] <<< [apiv2][body] POST https://cloudresourcemanager.googleapis.com/v1/projects/chatreportes-9e57a:testIamPermissions {"permissions":["firebase.projects.get"]}
[debug] [2024-06-10T05:34:00.339Z] >>> [apiv2][query] GET https://serviceusage.googleapis.com/v1/projects/chatreportes-9e57a/services/cloudfunctions.googleapis.com [none]
[debug] [2024-06-10T05:34:00.339Z] >>> [apiv2][(partial)header] GET https://serviceusage.googleapis.com/v1/projects/chatreportes-9e57a/services/cloudfunctions.googleapis.com x-goog-quota-user=projects/chatreportes-9e57a
[debug] [2024-06-10T05:34:00.342Z] >>> [apiv2][query] GET https://serviceusage.googleapis.com/v1/projects/chatreportes-9e57a/services/runtimeconfig.googleapis.com [none]
[debug] [2024-06-10T05:34:00.343Z] >>> [apiv2][(partial)header] GET https://serviceusage.googleapis.com/v1/projects/chatreportes-9e57a/services/runtimeconfig.googleapis.com x-goog-quota-user=projects/chatreportes-9e57a
[debug] [2024-06-10T05:34:01.155Z] <<< [apiv2][status] GET https://serviceusage.googleapis.com/v1/projects/chatreportes-9e57a/services/cloudfunctions.googleapis.com 200
[debug] [2024-06-10T05:34:01.156Z] <<< [apiv2][body] GET https://serviceusage.googleapis.com/v1/projects/chatreportes-9e57a/services/cloudfunctions.googleapis.com [omitted]
[debug] [2024-06-10T05:34:01.165Z] <<< [apiv2][status] GET https://serviceusage.googleapis.com/v1/projects/chatreportes-9e57a/services/runtimeconfig.googleapis.com 200
[debug] [2024-06-10T05:34:01.165Z] <<< [apiv2][body] GET https://serviceusage.googleapis.com/v1/projects/chatreportes-9e57a/services/runtimeconfig.googleapis.com [omitted]
[info] Let's create a new codebase for your functions.
[info] A directory corresponding to the codebase will be created in your project
[info] with sample code pre-configured.

[info] See https://firebase.google.com/docs/functions/organize-functions for
[info] more information on organizing your functions using codebases.

[info] Functions can be deployed with firebase deploy.

[info] +  Wrote functions/package.json 
[info] +  Wrote functions/tsconfig.json 
[info] +  Wrote functions/src/index.ts 
[info] +  Wrote functions/.gitignore 
[info] 
=== Hosting Setup
[debug] [2024-06-10T05:35:04.590Z] >>> [apiv2][query] GET https://firebase.googleapis.com/v1beta1/projects/chatreportes-9e57a [none]
[debug] [2024-06-10T05:35:05.289Z] <<< [apiv2][status] GET https://firebase.googleapis.com/v1beta1/projects/chatreportes-9e57a 200
[debug] [2024-06-10T05:35:05.290Z] <<< [apiv2][body] GET https://firebase.googleapis.com/v1beta1/projects/chatreportes-9e57a {"projectId":"chatreportes-9e57a","projectNumber":"331045414869","displayName":"chatReportes","name":"projects/chatreportes-9e57a","resources":{"hostingSite":"chatreportes-9e57a"},"state":"ACTIVE","etag":"1_2e639e66-93df-46a6-9965-01a81e9c45d7"}
[info] 
[info] Your public directory is the folder (relative to your project directory) that
[info] will contain Hosting assets to be uploaded with firebase deploy. If you
[info] have a build process for your assets, use your build's output directory.
[info] 
[info] +  Wrote sigoset_frontend/404.html 
[debug] [2024-06-10T05:37:14.368Z] >>> [apiv2][query] GET https://www.gstatic.com/firebasejs/releases.json [none]
[debug] [2024-06-10T05:37:14.843Z] <<< [apiv2][status] GET https://www.gstatic.com/firebasejs/releases.json 200
[debug] [2024-06-10T05:37:14.843Z] <<< [apiv2][body] GET https://www.gstatic.com/firebasejs/releases.json {"current":{"version":"10.12.2","browserURL":"https://www.gstatic.com/firebasejs/10.12.2/firebase.js","packageURL":"https://www.gstatic.com/firebasejs/10.12.2/firebase.tgz"},"live":{"version":"10.12","browserURL":"https://www.gstatic.com/firebasejs/live/10.12/firebase.js","packageURL":"https://www.gstatic.com/firebasejs/live/10.12/firebase.tgz"},"components":{"analytics":"https://www.gstatic.com/firebasejs/10.12.2/firebase-analytics.js","app":"https://www.gstatic.com/firebasejs/10.12.2/firebase-app.js","app-check":"https://www.gstatic.com/firebasejs/10.12.2/firebase-app-check.js","auth":"https://www.gstatic.com/firebasejs/10.12.2/firebase-auth.js","auth/cordova":"https://www.gstatic.com/firebasejs/10.12.2/firebase-auth/cordova.js","auth/web-extension":"https://www.gstatic.com/firebasejs/10.12.2/firebase-auth/web-extension.js","functions":"https://www.gstatic.com/firebasejs/10.12.2/firebase-functions.js","firestore":"https://www.gstatic.com/firebasejs/10.12.2/firebase-firestore.js","firestore/lite":"https://www.gstatic.com/firebasejs/10.12.2/firebase-firestore/lite.js","installations":"https://www.gstatic.com/firebasejs/10.12.2/firebase-installations.js","storage":"https://www.gstatic.com/firebasejs/10.12.2/firebase-storage.js","performance":"https://www.gstatic.com/firebasejs/10.12.2/firebase-performance.js","remote-config":"https://www.gstatic.com/firebasejs/10.12.2/firebase-remote-config.js","messaging":"https://www.gstatic.com/firebasejs/10.12.2/firebase-messaging.js","messaging/sw":"https://www.gstatic.com/firebasejs/10.12.2/firebase-messaging/sw.js","database":"https://www.gstatic.com/firebasejs/10.12.2/firebase-database.js","vertexai-preview":"https://www.gstatic.com/firebasejs/10.12.2/firebase-vertexai-preview.js","firestore.memory":"https://www.gstatic.com/firebasejs/10.12.2/firebase-firestore.memory.js"}}
[info] +  Wrote sigoset_frontend/index.html 
[info] 
[info] i  Detected a .git folder at C:\Users\LENOVO\Documents\PasantiaSigoSet\sigoset_fronted 
[info] i  Authorizing with GitHub to upload your service account to a GitHub repository's secrets store. 
[info] 
[info] Visit this URL on this device to log in:
[info] https://github.com/login/oauth/authorize?client_id=89cf50f02ac6aaed3484&state=138949518&redirect_uri=http%3A%2F%2Flocalhost%3A9005&scope=read%3Auser%20repo%20public_repo
[info] 
[info] Waiting for authentication...
[debug] [2024-06-10T05:37:16.498Z] >>> [apiv2][query] POST https://github.com/login/oauth/access_token [none]
[debug] [2024-06-10T05:37:16.499Z] >>> [apiv2][body] POST https://github.com/login/oauth/access_token [stream]
[debug] [2024-06-10T05:37:17.206Z] <<< [apiv2][status] POST https://github.com/login/oauth/access_token 200
[debug] [2024-06-10T05:37:17.206Z] <<< [apiv2][body] POST https://github.com/login/oauth/access_token {"access_token":"","token_type":"bearer","scope":"read:user,repo"}
[debug] [2024-06-10T05:37:17.223Z] >>> [apiv2][query] GET https://api.github.com/user [none]
[debug] [2024-06-10T05:37:18.003Z] <<< [apiv2][status] GET https://api.github.com/user 200
[debug] [2024-06-10T05:37:18.003Z] <<< [apiv2][body] GET https://api.github.com/user {"login":"325Mary","id":134980797,"node_id":"U_kgDOCAukvQ","avatar_url":"https://avatars.githubusercontent.com/u/134980797?v=4","gravatar_id":"","url":"https://api.github.com/users/325Mary","html_url":"https://github.com/325Mary","followers_url":"https://api.github.com/users/325Mary/followers","following_url":"https://api.github.com/users/325Mary/following{/other_user}","gists_url":"https://api.github.com/users/325Mary/gists{/gist_id}","starred_url":"https://api.github.com/users/325Mary/starred{/owner}{/repo}","subscriptions_url":"https://api.github.com/users/325Mary/subscriptions","organizations_url":"https://api.github.com/users/325Mary/orgs","repos_url":"https://api.github.com/users/325Mary/repos","events_url":"https://api.github.com/users/325Mary/events{/privacy}","received_events_url":"https://api.github.com/users/325Mary/received_events","type":"User","site_admin":false,"name":null,"company":null,"blog":"","location":null,"email":null,"hireable":null,"bio":null,"twitter_username":null,"public_repos":28,"public_gists":0,"followers":0,"following":1,"created_at":"2023-05-30T00:21:20Z","updated_at":"2024-05-31T04:57:22Z","private_gists":0,"total_private_repos":2,"owned_private_repos":2,"disk_usage":289257,"collaborators":0,"two_factor_authentication":false,"plan":{"name":"free","space":976562499,"collaborators":0,"private_repos":10000}}
[info] 
[info] +  Success! Logged into GitHub as 325Mary 
[info] 
[debug] [2024-06-10T05:38:05.577Z] >>> [apiv2][query] GET https://api.github.com/repos/   http://git.cloudsenactpi.net/Felipe1-SW/sigoset_fronted.git/actions/secrets/public-key type=owner
[debug] [2024-06-10T05:38:06.091Z] <<< [apiv2][status] GET https://api.github.com/repos/   http://git.cloudsenactpi.net/Felipe1-SW/sigoset_fronted.git/actions/secrets/public-key 404
[debug] [2024-06-10T05:38:06.092Z] <<< [apiv2][body] GET https://api.github.com/repos/   http://git.cloudsenactpi.net/Felipe1-SW/sigoset_fronted.git/actions/secrets/public-key {"message":"Not Found","documentation_url":"https://docs.github.com/rest","status":"404"}
[info] 
[info] 
[error] !  The provided authorization cannot be used with this repository. If this repository is in an organization, did you remember to grant access? 
[info] 
[info] i  Action required: Visit this URL to ensure access has been granted to the appropriate organization(s) for the Firebase CLI GitHub OAuth App: 
[info] https://github.com/settings/connections/applications/89cf50f02ac6aaed3484
[info] 
[debug] [2024-06-10T05:38:49.008Z] >>> [apiv2][query] GET https://api.github.com/repos/   http://git.cloudsenactpi.net/Felipe1-SW/sigoset_fronted.git /actions/secrets/public-key type=owner
[debug] [2024-06-10T05:38:49.637Z] <<< [apiv2][status] GET https://api.github.com/repos/   http://git.cloudsenactpi.net/Felipe1-SW/sigoset_fronted.git /actions/secrets/public-key 404
[debug] [2024-06-10T05:38:49.638Z] <<< [apiv2][body] GET https://api.github.com/repos/   http://git.cloudsenactpi.net/Felipe1-SW/sigoset_fronted.git /actions/secrets/public-key {"message":"Not Found","documentation_url":"https://docs.github.com/rest","status":"404"}
[info] 
[info] 
[error] !  The provided authorization cannot be used with this repository. If this repository is in an organization, did you remember to grant access? 
[info] 
[info] i  Action required: Visit this URL to ensure access has been granted to the appropriate organization(s) for the Firebase CLI GitHub OAuth App: 
[info] https://github.com/settings/connections/applications/89cf50f02ac6aaed3484
[info] 
[debug] [2024-06-10T05:38:50.453Z] >>> [apiv2][query] GET https://api.github.com/repos/   http://git.cloudsenactpi.net/Felipe1-SW/sigoset_fronted.git /actions/secrets/public-key type=owner
[debug] [2024-06-10T05:38:50.675Z] <<< [apiv2][status] GET https://api.github.com/repos/   http://git.cloudsenactpi.net/Felipe1-SW/sigoset_fronted.git /actions/secrets/public-key 404
[debug] [2024-06-10T05:38:50.675Z] <<< [apiv2][body] GET https://api.github.com/repos/   http://git.cloudsenactpi.net/Felipe1-SW/sigoset_fronted.git /actions/secrets/public-key {"message":"Not Found","documentation_url":"https://docs.github.com/rest","status":"404"}
[info] 
[info] 
[error] !  The provided authorization cannot be used with this repository. If this repository is in an organization, did you remember to grant access? 
[info] 
[info] i  Action required: Visit this URL to ensure access has been granted to the appropriate organization(s) for the Firebase CLI GitHub OAuth App: 
[info] https://github.com/settings/connections/applications/89cf50f02ac6aaed3484
[info] 
[debug] [2024-06-10T05:38:52.197Z] >>> [apiv2][query] GET https://api.github.com/repos/   http://git.cloudsenactpi.net/Felipe1-SW/sigoset_fronted.git /actions/secrets/public-key type=owner
[debug] [2024-06-10T05:38:52.393Z] <<< [apiv2][status] GET https://api.github.com/repos/   http://git.cloudsenactpi.net/Felipe1-SW/sigoset_fronted.git /actions/secrets/public-key 404
[debug] [2024-06-10T05:38:52.393Z] <<< [apiv2][body] GET https://api.github.com/repos/   http://git.cloudsenactpi.net/Felipe1-SW/sigoset_fronted.git /actions/secrets/public-key {"message":"Not Found","documentation_url":"https://docs.github.com/rest","status":"404"}
[info] 
[info] 
[error] !  The provided authorization cannot be used with this repository. If this repository is in an organization, did you remember to grant access? 
[info] 
[info] i  Action required: Visit this URL to ensure access has been granted to the appropriate organization(s) for the Firebase CLI GitHub OAuth App: 
[info] https://github.com/settings/connections/applications/89cf50f02ac6aaed3484
[info] 
[debug] [2024-06-10T05:39:07.868Z] >>> [apiv2][query] GET https://api.github.com/repos/    mc325/actions/secrets/public-key type=owner
[debug] [2024-06-10T05:39:08.553Z] <<< [apiv2][status] GET https://api.github.com/repos/    mc325/actions/secrets/public-key 404
[debug] [2024-06-10T05:39:08.554Z] <<< [apiv2][body] GET https://api.github.com/repos/    mc325/actions/secrets/public-key {"message":"Not Found","documentation_url":"https://docs.github.com/rest","status":"404"}
[info] 
[info] 
[error] !  The provided authorization cannot be used with this repository. If this repository is in an organization, did you remember to grant access? 
[info] 
[info] i  Action required: Visit this URL to ensure access has been granted to the appropriate organization(s) for the Firebase CLI GitHub OAuth App: 
[info] https://github.com/settings/connections/applications/89cf50f02ac6aaed3484
[info] 
[debug] [2024-06-10T05:39:10.571Z] >>> [apiv2][query] GET https://api.github.com/repos/    mc325/actions/secrets/public-key type=owner
[debug] [2024-06-10T05:39:10.762Z] <<< [apiv2][status] GET https://api.github.com/repos/    mc325/actions/secrets/public-key 404
[debug] [2024-06-10T05:39:10.762Z] <<< [apiv2][body] GET https://api.github.com/repos/    mc325/actions/secrets/public-key {"message":"Not Found","documentation_url":"https://docs.github.com/rest","status":"404"}
[info] 
[info] 
[error] !  The provided authorization cannot be used with this repository. If this repository is in an organization, did you remember to grant access? 
[info] 
[info] i  Action required: Visit this URL to ensure access has been granted to the appropriate organization(s) for the Firebase CLI GitHub OAuth App: 
[info] https://github.com/settings/connections/applications/89cf50f02ac6aaed3484
[info] 
